<?xml version="1.0" encoding="UTF-8"?>
<testsuite xmlns:xsi="http://www.w3.org/2001/XMLSchema-instance" xsi:noNamespaceSchemaLocation="https://maven.apache.org/surefire/maven-surefire-plugin/xsd/surefire-test-report-3.0.xsd" version="3.0" name="come.example.SwingAppTest" time="1.105" tests="1" errors="0" skipped="0" failures="0">
  <properties>
    <property name="awt.toolkit" value="com.github.caciocavallosilano.cacio.ctc.CTCToolkit"/>
    <property name="java.specification.version" value="21"/>
    <property name="sun.jnu.encoding" value="UTF-8"/>
    <property name="java.class.path" value="/home/ste/Projects/swing-experiments/target/test-classes:/home/ste/Projects/swing-experiments/target/classes:/home/ste/.m2/repository/org/junit/jupiter/junit-jupiter-api/5.13.4/junit-jupiter-api-5.13.4.jar:/home/ste/.m2/repository/org/opentest4j/opentest4j/1.3.0/opentest4j-1.3.0.jar:/home/ste/.m2/repository/org/junit/platform/junit-platform-commons/1.13.4/junit-platform-commons-1.13.4.jar:/home/ste/.m2/repository/org/apiguardian/apiguardian-api/1.1.2/apiguardian-api-1.1.2.jar:/home/ste/.m2/repository/org/junit/jupiter/junit-jupiter-engine/5.13.4/junit-jupiter-engine-5.13.4.jar:/home/ste/.m2/repository/org/junit/platform/junit-platform-engine/1.13.4/junit-platform-engine-1.13.4.jar:/home/ste/.m2/repository/com/github/caciocavallosilano/cacio-tta/1.18/cacio-tta-1.18.jar:/home/ste/.m2/repository/com/github/caciocavallosilano/cacio-shared/1.18/cacio-shared-1.18.jar:/home/ste/.m2/repository/org/assertj/assertj-swing-junit/3.17.1/assertj-swing-junit-3.17.1.jar:/home/ste/.m2/repository/junit/junit/4.12/junit-4.12.jar:/home/ste/.m2/repository/org/hamcrest/hamcrest-core/1.3/hamcrest-core-1.3.jar:/home/ste/.m2/repository/org/assertj/assertj-swing/3.17.1/assertj-swing-3.17.1.jar:/home/ste/.m2/repository/org/assertj/assertj-core/3.17.2/assertj-core-3.17.2.jar:/home/ste/.m2/repository/org/easytesting/fest-util/1.2.5/fest-util-1.2.5.jar:/home/ste/.m2/repository/org/easytesting/fest-reflect/1.4.1/fest-reflect-1.4.1.jar:/home/ste/.m2/repository/com/jidesoft/jide-oss/3.6.18/jide-oss-3.6.18.jar:/home/ste/.m2/repository/net/bytebuddy/byte-buddy/1.14.11/byte-buddy-1.14.11.jar:/home/ste/.m2/repository/net/bytebuddy/byte-buddy-agent/1.14.11/byte-buddy-agent-1.14.11.jar:"/>
    <property name="java.vm.vendor" value="Ubuntu"/>
    <property name="sun.arch.data.model" value="64"/>
    <property name="sun.font.fontmanager" value="sun.awt.FcFontManager"/>
    <property name="java.vendor.url" value="https://ubuntu.com/"/>
    <property name="os.name" value="Linux"/>
    <property name="java.vm.specification.version" value="21"/>
    <property name="user.country" value="GB"/>
    <property name="sun.java.launcher" value="SUN_STANDARD"/>
    <property name="sun.boot.library.path" value="/usr/lib/jvm/java-21-openjdk-amd64/lib"/>
    <property name="sun.java.command" value="/home/ste/Projects/swing-experiments/target/surefire/surefirebooter-20250925121709212_3.jar /home/ste/Projects/swing-experiments/target/surefire 2025-09-25T12-17-08_955-jvmRun1 surefire-20250925121709212_1tmp surefire_0-20250925121709212_2tmp"/>
    <property name="jdk.debug" value="release"/>
    <property name="surefire.test.class.path" value="/home/ste/Projects/swing-experiments/target/test-classes:/home/ste/Projects/swing-experiments/target/classes:/home/ste/.m2/repository/org/junit/jupiter/junit-jupiter-api/5.13.4/junit-jupiter-api-5.13.4.jar:/home/ste/.m2/repository/org/opentest4j/opentest4j/1.3.0/opentest4j-1.3.0.jar:/home/ste/.m2/repository/org/junit/platform/junit-platform-commons/1.13.4/junit-platform-commons-1.13.4.jar:/home/ste/.m2/repository/org/apiguardian/apiguardian-api/1.1.2/apiguardian-api-1.1.2.jar:/home/ste/.m2/repository/org/junit/jupiter/junit-jupiter-engine/5.13.4/junit-jupiter-engine-5.13.4.jar:/home/ste/.m2/repository/org/junit/platform/junit-platform-engine/1.13.4/junit-platform-engine-1.13.4.jar:/home/ste/.m2/repository/com/github/caciocavallosilano/cacio-tta/1.18/cacio-tta-1.18.jar:/home/ste/.m2/repository/com/github/caciocavallosilano/cacio-shared/1.18/cacio-shared-1.18.jar:/home/ste/.m2/repository/org/assertj/assertj-swing-junit/3.17.1/assertj-swing-junit-3.17.1.jar:/home/ste/.m2/repository/junit/junit/4.12/junit-4.12.jar:/home/ste/.m2/repository/org/hamcrest/hamcrest-core/1.3/hamcrest-core-1.3.jar:/home/ste/.m2/repository/org/assertj/assertj-swing/3.17.1/assertj-swing-3.17.1.jar:/home/ste/.m2/repository/org/assertj/assertj-core/3.17.2/assertj-core-3.17.2.jar:/home/ste/.m2/repository/org/easytesting/fest-util/1.2.5/fest-util-1.2.5.jar:/home/ste/.m2/repository/org/easytesting/fest-reflect/1.4.1/fest-reflect-1.4.1.jar:/home/ste/.m2/repository/com/jidesoft/jide-oss/3.6.18/jide-oss-3.6.18.jar:/home/ste/.m2/repository/net/bytebuddy/byte-buddy/1.14.11/byte-buddy-1.14.11.jar:/home/ste/.m2/repository/net/bytebuddy/byte-buddy-agent/1.14.11/byte-buddy-agent-1.14.11.jar:"/>
    <property name="sun.cpu.endian" value="little"/>
    <property name="user.home" value="/home/ste"/>
    <property name="user.language" value="en"/>
    <property name="java.specification.vendor" value="Oracle Corporation"/>
    <property name="java.version.date" value="2025-07-15"/>
    <property name="java.home" value="/usr/lib/jvm/java-21-openjdk-amd64"/>
    <property name="file.separator" value="/"/>
    <property name="basedir" value="/home/ste/Projects/swing-experiments"/>
    <property name="java.vm.compressedOopsMode" value="Zero based"/>
    <property name="line.separator" value="&#10;"/>
    <property name="java.vm.specification.vendor" value="Oracle Corporation"/>
    <property name="java.specification.name" value="Java Platform API Specification"/>
    <property name="java.awt.graphicsenv" value="com.github.caciocavallosilano.cacio.ctc.CTCGraphicsEnvironment"/>
    <property name="java.awt.headless" value="false"/>
    <property name="jdk.module.access" value="open"/>
    <property name="surefire.real.class.path" value="/home/ste/Projects/swing-experiments/target/surefire/surefirebooter-20250925121709212_3.jar"/>
    <property name="java.util.logging.config.file" value="src/test/resources/logging.properties"/>
    <property name="sun.management.compiler" value="HotSpot 64-Bit Tiered Compilers"/>
    <property name="java.runtime.version" value="21.0.8+9-Ubuntu-0ubuntu122.04.1"/>
    <property name="org.assertj.swing.preserve_screenshots" value="true"/>
    <property name="user.name" value="ste"/>
    <property name="stdout.encoding" value="UTF-8"/>
    <property name="path.separator" value=":"/>
    <property name="os.version" value="6.16.3-76061603-generic"/>
    <property name="java.runtime.name" value="OpenJDK Runtime Environment"/>
    <property name="file.encoding" value="UTF-8"/>
    <property name="java.vm.name" value="OpenJDK 64-Bit Server VM"/>
    <property name="maven.ext.class.path" value="/opt/netbeans/java/maven-nblib/netbeans-eventspy.jar"/>
    <property name="localRepository" value="/home/ste/.m2/repository"/>
    <property name="java.vendor.url.bug" value="https://bugs.launchpad.net/ubuntu/+source/openjdk-21"/>
    <property name="java.io.tmpdir" value="/tmp"/>
    <property name="java.version" value="21.0.8"/>
    <property name="user.dir" value="/home/ste/Projects/swing-experiments"/>
    <property name="os.arch" value="amd64"/>
    <property name="java.vm.specification.name" value="Java Virtual Machine Specification"/>
    <property name="env" value="test"/>
    <property name="swing.defaultlaf" value="javax.swing.plaf.metal.MetalLookAndFeel"/>
    <property name="native.encoding" value="UTF-8"/>
    <property name="java.library.path" value="/usr/java/packages/lib:/usr/lib/x86_64-linux-gnu/jni:/lib/x86_64-linux-gnu:/usr/lib/x86_64-linux-gnu:/usr/lib/jni:/lib:/usr/lib"/>
    <property name="java.vm.info" value="mixed mode, sharing"/>
    <property name="stderr.encoding" value="UTF-8"/>
    <property name="java.vendor" value="Ubuntu"/>
    <property name="java.vm.version" value="21.0.8+9-Ubuntu-0ubuntu122.04.1"/>
    <property name="sun.io.unicode.encoding" value="UnicodeLittle"/>
    <property name="java.class.version" value="65.0"/>
  </properties>
  <testcase name="test" classname="come.example.SwingAppTest" time="1.077">
    <system-err><![CDATA[WARNING: A Java agent has been loaded dynamically (/home/ste/.m2/repository/net/bytebuddy/byte-buddy-agent/1.14.11/byte-buddy-agent-1.14.11.jar)
WARNING: If a serviceability tool is in use, please run with -XX:+EnableDynamicAgentLoading to hide this warning
WARNING: If a serviceability tool is not in use, please run with -Djdk.instrument.traceUsage for more information
WARNING: Dynamic loading of agents will be disallowed by default in a future release
]]></system-err>
  </testcase>
</testsuite>